[20-Jan-2025 09:20:05 UTC] PHP Fatal error:  Uncaught PDOException: SQLSTATE[42S02]: Base table or view not found: 1146 Table 'database1.coursis' doesn't exist in C:\Apache24\htdocs\apirest-dinamica\models\get.model.php:39
Stack trace:
#0 C:\Apache24\htdocs\apirest-dinamica\models\get.model.php(39): PDOStatement->execute()
#1 C:\Apache24\htdocs\apirest-dinamica\controllers\get.controller.php(9): GetModel::getData()
#2 C:\Apache24\htdocs\apirest-dinamica\routes\services\get.php(64): GetController::getData()
#3 C:\Apache24\htdocs\apirest-dinamica\routes\routes.php(29): include('...')
#4 C:\Apache24\htdocs\apirest-dinamica\controllers\routes.controller.php(5): include('...')
#5 C:\Apache24\htdocs\apirest-dinamica\index.php(14): RoutesController->index()
#6 {main}
  thrown in C:\Apache24\htdocs\apirest-dinamica\models\get.model.php on line 39
[22-Jan-2025 10:16:29 UTC] PHP Fatal error:  Uncaught ArgumentCountError: Too few arguments to function Connection::getColumnData(), 1 passed in C:\Apache24\htdocs\apirest-dinamica\models\get.model.php on line 132 and exactly 2 expected in C:\Apache24\htdocs\apirest-dinamica\models\connection.php:39
Stack trace:
#0 C:\Apache24\htdocs\apirest-dinamica\models\get.model.php(132): Connection::getColumnData()
#1 C:\Apache24\htdocs\apirest-dinamica\controllers\get.controller.php(27): GetModel::getRelData()
#2 C:\Apache24\htdocs\apirest-dinamica\routes\services\get.php(25): GetController::getRelData()
#3 C:\Apache24\htdocs\apirest-dinamica\routes\routes.php(29): include('...')
#4 C:\Apache24\htdocs\apirest-dinamica\controllers\routes.controller.php(5): include('...')
#5 C:\Apache24\htdocs\apirest-dinamica\index.php(14): RoutesController->index()
#6 {main}
  thrown in C:\Apache24\htdocs\apirest-dinamica\models\connection.php on line 39
[22-Jan-2025 10:23:41 UTC] PHP Fatal error:  Uncaught PDOException: SQLSTATE[42S22]: Column not found: 1054 Unknown column 'title_coursi' in 'field list' in C:\Apache24\htdocs\apirest-dinamica\models\get.model.php:171
Stack trace:
#0 C:\Apache24\htdocs\apirest-dinamica\models\get.model.php(171): PDOStatement->execute()
#1 C:\Apache24\htdocs\apirest-dinamica\controllers\get.controller.php(27): GetModel::getRelData()
#2 C:\Apache24\htdocs\apirest-dinamica\routes\services\get.php(25): GetController::getRelData()
#3 C:\Apache24\htdocs\apirest-dinamica\routes\routes.php(29): include('...')
#4 C:\Apache24\htdocs\apirest-dinamica\controllers\routes.controller.php(5): include('...')
#5 C:\Apache24\htdocs\apirest-dinamica\index.php(14): RoutesController->index()
#6 {main}
  thrown in C:\Apache24\htdocs\apirest-dinamica\models\get.model.php on line 171
[24-Jan-2025 10:45:52 UTC] PHP Warning:  file_get_contents(php:/input): Failed to open stream: No such file or directory in C:\Apache24\htdocs\apirest-dinamica\routes\services\put.php on line 8
[24-Jan-2025 10:59:11 UTC] PHP Warning:  require_once(connection.php): Failed to open stream: No such file or directory in C:\Apache24\htdocs\apirest-dinamica\routes\services\put.php on line 2
[24-Jan-2025 10:59:11 UTC] PHP Fatal error:  Uncaught Error: Failed opening required 'connection.php' (include_path='.;C:\php\pear') in C:\Apache24\htdocs\apirest-dinamica\routes\services\put.php:2
Stack trace:
#0 C:\Apache24\htdocs\apirest-dinamica\routes\routes.php(44): include()
#1 C:\Apache24\htdocs\apirest-dinamica\controllers\routes.controller.php(5): include('...')
#2 C:\Apache24\htdocs\apirest-dinamica\index.php(14): RoutesController->index()
#3 {main}
  thrown in C:\Apache24\htdocs\apirest-dinamica\routes\services\put.php on line 2
[25-Jan-2025 13:08:41 UTC] PHP Warning:  Undefined variable $columns in C:\Apache24\htdocs\apirest-dinamica\routes\services\delete.php on line 12
[25-Jan-2025 13:11:18 UTC] PHP Warning:  Undefined variable $columns in C:\Apache24\htdocs\apirest-dinamica\routes\services\delete.php on line 12
[26-Jan-2025 13:29:17 UTC] PHP Fatal error:  Uncaught Error: Call to undefined method PostController::postRegister() in C:\Apache24\htdocs\apirest-dinamica\routes\services\post.php:31
Stack trace:
#0 C:\Apache24\htdocs\apirest-dinamica\routes\routes.php(37): include()
#1 C:\Apache24\htdocs\apirest-dinamica\controllers\routes.controller.php(5): include('...')
#2 C:\Apache24\htdocs\apirest-dinamica\index.php(14): RoutesController->index()
#3 {main}
  thrown in C:\Apache24\htdocs\apirest-dinamica\routes\services\post.php on line 31
[26-Jan-2025 13:39:24 UTC] PHP Fatal error:  Uncaught TypeError: count(): Argument #1 ($value) must be of type Countable|array, string given in C:\Apache24\htdocs\apirest-dinamica\controllers\post.controller.php:21
Stack trace:
#0 C:\Apache24\htdocs\apirest-dinamica\routes\services\post.php(31): PostController::postRegister()
#1 C:\Apache24\htdocs\apirest-dinamica\routes\routes.php(37): include('...')
#2 C:\Apache24\htdocs\apirest-dinamica\controllers\routes.controller.php(5): include('...')
#3 C:\Apache24\htdocs\apirest-dinamica\index.php(14): RoutesController->index()
#4 {main}
  thrown in C:\Apache24\htdocs\apirest-dinamica\controllers\post.controller.php on line 21
